<?xml version="1.0" encoding="UTF-8"?>
<!-- Generated by org.testng.reporters.JUnitXMLReporter -->
<testsuite ignored="0" hostname="DESKTOP-D44C7K2" failures="0" tests="6" name="Default test" time="5.767" errors="0" timestamp="2023-12-17T01:26:59 IST">
  <testcase classname="api.test.UserTestWithDDApproach" name="createUserTest" time="2.918"/>
  <testcase classname="api.test.UserTestWithDDApproach" name="createUserTest" time="0.055"/>
  <testcase classname="api.test.UserTestWithDDApproach" name="createUserTest" time="0.057"/>
  <testcase classname="api.test.UserTestWithDDApproach" name="deleteUserTest" time="0.11"/>
  <testcase classname="api.test.UserTestWithDDApproach" name="deleteUserTest" time="0.045"/>
  <testcase classname="api.test.UserTestWithDDApproach" name="deleteUserTest" time="0.054"/>
</testsuite> <!-- Default test -->
