<?xml version="1.0" encoding="UTF-8"?>
<!-- Generated by org.testng.reporters.JUnitXMLReporter -->
<testsuite ignored="0" hostname="DESKTOP-D44C7K2" failures="0" tests="10" name="UserAPITest" time="6.504" errors="0" timestamp="2023-12-17T17:14:20 IST">
  <testcase classname="api.test.UserWithFakerTest" name="createUserTest" time="3.47"/>
  <testcase classname="api.test.UserWithFakerTest" name="readUserTest" time="0.2"/>
  <testcase classname="api.test.UserWithFakerTest" name="updateUserTest" time="0.062"/>
  <testcase classname="api.test.UserWithFakerTest" name="deleteUserTest" time="0.038"/>
  <testcase classname="api.test.UserWithDDApproachTest" name="createUserTest" time="0.04"/>
  <testcase classname="api.test.UserWithDDApproachTest" name="createUserTest" time="0.05"/>
  <testcase classname="api.test.UserWithDDApproachTest" name="createUserTest" time="0.043"/>
  <testcase classname="api.test.UserWithDDApproachTest" name="deleteUserTest" time="0.046"/>
  <testcase classname="api.test.UserWithDDApproachTest" name="deleteUserTest" time="0.059"/>
  <testcase classname="api.test.UserWithDDApproachTest" name="deleteUserTest" time="0.046"/>
</testsuite> <!-- UserAPITest -->
