<?xml version="1.0" encoding="UTF-8"?>
<testng-results ignored="0" total="10" passed="10" failed="0" skipped="0">
  <reporter-output>
  </reporter-output>
  <suite started-at="2023-12-17T17:14:14 IST" name="Suite" finished-at="2023-12-17T17:14:20 IST" duration-ms="6504">
    <groups>
    </groups>
    <test started-at="2023-12-17T17:14:14 IST" name="UserAPITest" finished-at="2023-12-17T17:14:20 IST" duration-ms="6504">
      <class name="api.test.UserWithFakerTest">
        <test-method is-config="true" signature="createRandomUser()[pri:0, instance:api.test.UserWithFakerTest@158da8e]" started-at="2023-12-17T17:14:14 IST" name="createRandomUser" finished-at="2023-12-17T17:14:14 IST" duration-ms="330" status="PASS">
          <reporter-output>
          </reporter-output>
        </test-method> <!-- createRandomUser -->
        <test-method signature="createUserTest()[pri:1, instance:api.test.UserWithFakerTest@158da8e]" started-at="2023-12-17T17:14:14 IST" name="createUserTest" finished-at="2023-12-17T17:14:17 IST" duration-ms="3470" status="PASS">
          <reporter-output>
          </reporter-output>
        </test-method> <!-- createUserTest -->
        <test-method signature="readUserTest()[pri:2, instance:api.test.UserWithFakerTest@158da8e]" started-at="2023-12-17T17:14:17 IST" name="readUserTest" finished-at="2023-12-17T17:14:18 IST" duration-ms="200" status="PASS">
          <reporter-output>
          </reporter-output>
        </test-method> <!-- readUserTest -->
        <test-method signature="updateUserTest()[pri:3, instance:api.test.UserWithFakerTest@158da8e]" started-at="2023-12-17T17:14:18 IST" name="updateUserTest" finished-at="2023-12-17T17:14:18 IST" duration-ms="62" status="PASS">
          <reporter-output>
          </reporter-output>
        </test-method> <!-- updateUserTest -->
        <test-method signature="deleteUserTest()[pri:4, instance:api.test.UserWithFakerTest@158da8e]" started-at="2023-12-17T17:14:18 IST" name="deleteUserTest" finished-at="2023-12-17T17:14:18 IST" duration-ms="38" status="PASS">
          <reporter-output>
          </reporter-output>
        </test-method> <!-- deleteUserTest -->
      </class> <!-- api.test.UserWithFakerTest -->
      <class name="api.test.UserWithDDApproachTest">
        <test-method is-config="true" signature="beforeSuite()[pri:0, instance:api.test.UserWithDDApproachTest@4f18837a]" started-at="2023-12-17T17:14:13 IST" name="beforeSuite" finished-at="2023-12-17T17:14:14 IST" duration-ms="394" status="PASS">
          <reporter-output>
          </reporter-output>
        </test-method> <!-- beforeSuite -->
        <test-method is-config="true" signature="beforeTest()[pri:0, instance:api.test.UserWithDDApproachTest@4f18837a]" started-at="2023-12-17T17:14:14 IST" name="beforeTest" finished-at="2023-12-17T17:14:14 IST" duration-ms="1" status="PASS">
          <reporter-output>
          </reporter-output>
        </test-method> <!-- beforeTest -->
        <test-method is-config="true" signature="beforeClass()[pri:0, instance:api.test.UserWithDDApproachTest@4f18837a]" started-at="2023-12-17T17:14:18 IST" name="beforeClass" finished-at="2023-12-17T17:14:18 IST" duration-ms="0" status="PASS">
          <reporter-output>
          </reporter-output>
        </test-method> <!-- beforeClass -->
        <test-method is-config="true" signature="beforeMethod(org.testng.ITestResult)[pri:0, instance:api.test.UserWithDDApproachTest@4f18837a]" started-at="2023-12-17T17:14:20 IST" name="beforeMethod" finished-at="2023-12-17T17:14:20 IST" duration-ms="11" status="PASS">
          <params>
            <param index="0">
              <value>
                <![CDATA[[TestResult name={null} status=CREATED method=UserWithDDApproachTest.createUserTest(java.lang.String,java.lang.String,java.lang.String,java.lang.String,java.lang.String,java.lang.String,java.lang.String,java.lang.String)[pri:1, instance:api.test.UserWithDDApproachTest@4f18837a] output={null}]]]>
              </value>
            </param>
          </params>
          <reporter-output>
          </reporter-output>
        </test-method> <!-- beforeMethod -->
        <test-method signature="createUserTest(java.lang.String,java.lang.String,java.lang.String,java.lang.String,java.lang.String,java.lang.String,java.lang.String,java.lang.String)[pri:1, instance:api.test.UserWithDDApproachTest@4f18837a]" started-at="2023-12-17T17:14:20 IST" name="createUserTest" data-provider="getAllUsersData" finished-at="2023-12-17T17:14:20 IST" duration-ms="40" status="PASS">
          <params>
            <param index="0">
              <value>
                <![CDATA[101.0]]>
              </value>
            </param>
            <param index="1">
              <value>
                <![CDATA[un1]]>
              </value>
            </param>
            <param index="2">
              <value>
                <![CDATA[Robie]]>
              </value>
            </param>
            <param index="3">
              <value>
                <![CDATA[Williams]]>
              </value>
            </param>
            <param index="4">
              <value>
                <![CDATA[Rw@aol.com]]>
              </value>
            </param>
            <param index="5">
              <value>
                <![CDATA[rw1234]]>
              </value>
            </param>
            <param index="6">
              <value>
                <![CDATA[9.09090909E9]]>
              </value>
            </param>
            <param index="7">
              <value>
                <![CDATA[0.0]]>
              </value>
            </param>
          </params>
          <reporter-output>
          </reporter-output>
        </test-method> <!-- createUserTest -->
        <test-method is-config="true" signature="afterMethod(org.testng.ITestResult)[pri:0, instance:api.test.UserWithDDApproachTest@4f18837a]" started-at="2023-12-17T17:14:20 IST" name="afterMethod" finished-at="2023-12-17T17:14:20 IST" duration-ms="8" status="PASS">
          <params>
            <param index="0">
              <value>
                <![CDATA[[TestResult name=createUserTest status=SUCCESS method=UserWithDDApproachTest.createUserTest(java.lang.String,java.lang.String,java.lang.String,java.lang.String,java.lang.String,java.lang.String,java.lang.String,java.lang.String)[pri:1, instance:api.test.UserWithDDApproachTest@4f18837a] output={null}]]]>
              </value>
            </param>
          </params>
          <reporter-output>
          </reporter-output>
        </test-method> <!-- afterMethod -->
        <test-method is-config="true" signature="beforeMethod(org.testng.ITestResult)[pri:0, instance:api.test.UserWithDDApproachTest@4f18837a]" started-at="2023-12-17T17:14:20 IST" name="beforeMethod" finished-at="2023-12-17T17:14:20 IST" duration-ms="1" status="PASS">
          <params>
            <param index="0">
              <value>
                <![CDATA[[TestResult name={null} status=CREATED method=UserWithDDApproachTest.createUserTest(java.lang.String,java.lang.String,java.lang.String,java.lang.String,java.lang.String,java.lang.String,java.lang.String,java.lang.String)[pri:1, instance:api.test.UserWithDDApproachTest@4f18837a] output={null}]]]>
              </value>
            </param>
          </params>
          <reporter-output>
          </reporter-output>
        </test-method> <!-- beforeMethod -->
        <test-method signature="createUserTest(java.lang.String,java.lang.String,java.lang.String,java.lang.String,java.lang.String,java.lang.String,java.lang.String,java.lang.String)[pri:1, instance:api.test.UserWithDDApproachTest@4f18837a]" started-at="2023-12-17T17:14:20 IST" name="createUserTest" data-provider="getAllUsersData" finished-at="2023-12-17T17:14:20 IST" duration-ms="50" status="PASS">
          <params>
            <param index="0">
              <value>
                <![CDATA[102.0]]>
              </value>
            </param>
            <param index="1">
              <value>
                <![CDATA[un2]]>
              </value>
            </param>
            <param index="2">
              <value>
                <![CDATA[Kristine]]>
              </value>
            </param>
            <param index="3">
              <value>
                <![CDATA[Mobolt]]>
              </value>
            </param>
            <param index="4">
              <value>
                <![CDATA[km@aol.com]]>
              </value>
            </param>
            <param index="5">
              <value>
                <![CDATA[km1234]]>
              </value>
            </param>
            <param index="6">
              <value>
                <![CDATA[9.090909091E9]]>
              </value>
            </param>
            <param index="7">
              <value>
                <![CDATA[1.0]]>
              </value>
            </param>
          </params>
          <reporter-output>
          </reporter-output>
        </test-method> <!-- createUserTest -->
        <test-method is-config="true" signature="afterMethod(org.testng.ITestResult)[pri:0, instance:api.test.UserWithDDApproachTest@4f18837a]" started-at="2023-12-17T17:14:20 IST" name="afterMethod" finished-at="2023-12-17T17:14:20 IST" duration-ms="1" status="PASS">
          <params>
            <param index="0">
              <value>
                <![CDATA[[TestResult name=createUserTest status=SUCCESS method=UserWithDDApproachTest.createUserTest(java.lang.String,java.lang.String,java.lang.String,java.lang.String,java.lang.String,java.lang.String,java.lang.String,java.lang.String)[pri:1, instance:api.test.UserWithDDApproachTest@4f18837a] output={null}]]]>
              </value>
            </param>
          </params>
          <reporter-output>
          </reporter-output>
        </test-method> <!-- afterMethod -->
        <test-method is-config="true" signature="beforeMethod(org.testng.ITestResult)[pri:0, instance:api.test.UserWithDDApproachTest@4f18837a]" started-at="2023-12-17T17:14:20 IST" name="beforeMethod" finished-at="2023-12-17T17:14:20 IST" duration-ms="0" status="PASS">
          <params>
            <param index="0">
              <value>
                <![CDATA[[TestResult name={null} status=CREATED method=UserWithDDApproachTest.createUserTest(java.lang.String,java.lang.String,java.lang.String,java.lang.String,java.lang.String,java.lang.String,java.lang.String,java.lang.String)[pri:1, instance:api.test.UserWithDDApproachTest@4f18837a] output={null}]]]>
              </value>
            </param>
          </params>
          <reporter-output>
          </reporter-output>
        </test-method> <!-- beforeMethod -->
        <test-method signature="createUserTest(java.lang.String,java.lang.String,java.lang.String,java.lang.String,java.lang.String,java.lang.String,java.lang.String,java.lang.String)[pri:1, instance:api.test.UserWithDDApproachTest@4f18837a]" started-at="2023-12-17T17:14:20 IST" name="createUserTest" data-provider="getAllUsersData" finished-at="2023-12-17T17:14:20 IST" duration-ms="43" status="PASS">
          <params>
            <param index="0">
              <value>
                <![CDATA[103.0]]>
              </value>
            </param>
            <param index="1">
              <value>
                <![CDATA[un3]]>
              </value>
            </param>
            <param index="2">
              <value>
                <![CDATA[John]]>
              </value>
            </param>
            <param index="3">
              <value>
                <![CDATA[Carter]]>
              </value>
            </param>
            <param index="4">
              <value>
                <![CDATA[jc@aol.com]]>
              </value>
            </param>
            <param index="5">
              <value>
                <![CDATA[jc1234]]>
              </value>
            </param>
            <param index="6">
              <value>
                <![CDATA[9.090909092E9]]>
              </value>
            </param>
            <param index="7">
              <value>
                <![CDATA[2.0]]>
              </value>
            </param>
          </params>
          <reporter-output>
          </reporter-output>
        </test-method> <!-- createUserTest -->
        <test-method is-config="true" signature="afterMethod(org.testng.ITestResult)[pri:0, instance:api.test.UserWithDDApproachTest@4f18837a]" started-at="2023-12-17T17:14:20 IST" name="afterMethod" finished-at="2023-12-17T17:14:20 IST" duration-ms="1" status="PASS">
          <params>
            <param index="0">
              <value>
                <![CDATA[[TestResult name=createUserTest status=SUCCESS method=UserWithDDApproachTest.createUserTest(java.lang.String,java.lang.String,java.lang.String,java.lang.String,java.lang.String,java.lang.String,java.lang.String,java.lang.String)[pri:1, instance:api.test.UserWithDDApproachTest@4f18837a] output={null}]]]>
              </value>
            </param>
          </params>
          <reporter-output>
          </reporter-output>
        </test-method> <!-- afterMethod -->
        <test-method is-config="true" signature="beforeMethod(org.testng.ITestResult)[pri:0, instance:api.test.UserWithDDApproachTest@4f18837a]" started-at="2023-12-17T17:14:20 IST" name="beforeMethod" finished-at="2023-12-17T17:14:20 IST" duration-ms="1" status="PASS">
          <params>
            <param index="0">
              <value>
                <![CDATA[[TestResult name={null} status=CREATED method=UserWithDDApproachTest.deleteUserTest(java.lang.String)[pri:2, instance:api.test.UserWithDDApproachTest@4f18837a] output={null}]]]>
              </value>
            </param>
          </params>
          <reporter-output>
          </reporter-output>
        </test-method> <!-- beforeMethod -->
        <test-method signature="deleteUserTest(java.lang.String)[pri:2, instance:api.test.UserWithDDApproachTest@4f18837a]" started-at="2023-12-17T17:14:20 IST" name="deleteUserTest" data-provider="getAllUserIDs" finished-at="2023-12-17T17:14:20 IST" duration-ms="46" status="PASS">
          <params>
            <param index="0">
              <value>
                <![CDATA[101.0]]>
              </value>
            </param>
          </params>
          <reporter-output>
          </reporter-output>
        </test-method> <!-- deleteUserTest -->
        <test-method is-config="true" signature="afterMethod(org.testng.ITestResult)[pri:0, instance:api.test.UserWithDDApproachTest@4f18837a]" started-at="2023-12-17T17:14:20 IST" name="afterMethod" finished-at="2023-12-17T17:14:20 IST" duration-ms="0" status="PASS">
          <params>
            <param index="0">
              <value>
                <![CDATA[[TestResult name=deleteUserTest status=SUCCESS method=UserWithDDApproachTest.deleteUserTest(java.lang.String)[pri:2, instance:api.test.UserWithDDApproachTest@4f18837a] output={null}]]]>
              </value>
            </param>
          </params>
          <reporter-output>
          </reporter-output>
        </test-method> <!-- afterMethod -->
        <test-method is-config="true" signature="beforeMethod(org.testng.ITestResult)[pri:0, instance:api.test.UserWithDDApproachTest@4f18837a]" started-at="2023-12-17T17:14:20 IST" name="beforeMethod" finished-at="2023-12-17T17:14:20 IST" duration-ms="2" status="PASS">
          <params>
            <param index="0">
              <value>
                <![CDATA[[TestResult name={null} status=CREATED method=UserWithDDApproachTest.deleteUserTest(java.lang.String)[pri:2, instance:api.test.UserWithDDApproachTest@4f18837a] output={null}]]]>
              </value>
            </param>
          </params>
          <reporter-output>
          </reporter-output>
        </test-method> <!-- beforeMethod -->
        <test-method signature="deleteUserTest(java.lang.String)[pri:2, instance:api.test.UserWithDDApproachTest@4f18837a]" started-at="2023-12-17T17:14:20 IST" name="deleteUserTest" data-provider="getAllUserIDs" finished-at="2023-12-17T17:14:20 IST" duration-ms="59" status="PASS">
          <params>
            <param index="0">
              <value>
                <![CDATA[102.0]]>
              </value>
            </param>
          </params>
          <reporter-output>
          </reporter-output>
        </test-method> <!-- deleteUserTest -->
        <test-method is-config="true" signature="afterMethod(org.testng.ITestResult)[pri:0, instance:api.test.UserWithDDApproachTest@4f18837a]" started-at="2023-12-17T17:14:20 IST" name="afterMethod" finished-at="2023-12-17T17:14:20 IST" duration-ms="0" status="PASS">
          <params>
            <param index="0">
              <value>
                <![CDATA[[TestResult name=deleteUserTest status=SUCCESS method=UserWithDDApproachTest.deleteUserTest(java.lang.String)[pri:2, instance:api.test.UserWithDDApproachTest@4f18837a] output={null}]]]>
              </value>
            </param>
          </params>
          <reporter-output>
          </reporter-output>
        </test-method> <!-- afterMethod -->
        <test-method signature="deleteUserTest(java.lang.String)[pri:2, instance:api.test.UserWithDDApproachTest@4f18837a]" started-at="2023-12-17T17:14:20 IST" name="deleteUserTest" data-provider="getAllUserIDs" finished-at="2023-12-17T17:14:20 IST" duration-ms="46" status="PASS">
          <params>
            <param index="0">
              <value>
                <![CDATA[103.0]]>
              </value>
            </param>
          </params>
          <reporter-output>
          </reporter-output>
        </test-method> <!-- deleteUserTest -->
        <test-method is-config="true" signature="beforeMethod(org.testng.ITestResult)[pri:0, instance:api.test.UserWithDDApproachTest@4f18837a]" started-at="2023-12-17T17:14:20 IST" name="beforeMethod" finished-at="2023-12-17T17:14:20 IST" duration-ms="0" status="PASS">
          <params>
            <param index="0">
              <value>
                <![CDATA[[TestResult name={null} status=CREATED method=UserWithDDApproachTest.deleteUserTest(java.lang.String)[pri:2, instance:api.test.UserWithDDApproachTest@4f18837a] output={null}]]]>
              </value>
            </param>
          </params>
          <reporter-output>
          </reporter-output>
        </test-method> <!-- beforeMethod -->
        <test-method is-config="true" signature="afterMethod(org.testng.ITestResult)[pri:0, instance:api.test.UserWithDDApproachTest@4f18837a]" started-at="2023-12-17T17:14:20 IST" name="afterMethod" finished-at="2023-12-17T17:14:20 IST" duration-ms="0" status="PASS">
          <params>
            <param index="0">
              <value>
                <![CDATA[[TestResult name=deleteUserTest status=SUCCESS method=UserWithDDApproachTest.deleteUserTest(java.lang.String)[pri:2, instance:api.test.UserWithDDApproachTest@4f18837a] output={null}]]]>
              </value>
            </param>
          </params>
          <reporter-output>
          </reporter-output>
        </test-method> <!-- afterMethod -->
        <test-method is-config="true" signature="afterClass()[pri:0, instance:api.test.UserWithDDApproachTest@4f18837a]" started-at="2023-12-17T17:14:20 IST" name="afterClass" finished-at="2023-12-17T17:14:20 IST" duration-ms="1" status="PASS">
          <reporter-output>
          </reporter-output>
        </test-method> <!-- afterClass -->
        <test-method is-config="true" signature="afterTest()[pri:0, instance:api.test.UserWithDDApproachTest@4f18837a]" started-at="2023-12-17T17:14:20 IST" name="afterTest" finished-at="2023-12-17T17:14:20 IST" duration-ms="1" status="PASS">
          <reporter-output>
          </reporter-output>
        </test-method> <!-- afterTest -->
        <test-method is-config="true" signature="afterSuite()[pri:0, instance:api.test.UserWithDDApproachTest@4f18837a]" started-at="2023-12-17T17:14:20 IST" name="afterSuite" finished-at="2023-12-17T17:14:21 IST" duration-ms="567" status="PASS">
          <reporter-output>
          </reporter-output>
        </test-method> <!-- afterSuite -->
      </class> <!-- api.test.UserWithDDApproachTest -->
    </test> <!-- UserAPITest -->
  </suite> <!-- Suite -->
</testng-results>
