<?xml version="1.0" encoding="UTF-8"?>
<testsuite xmlns:xsi="http://www.w3.org/2001/XMLSchema-instance" xsi:noNamespaceSchemaLocation="https://maven.apache.org/surefire/maven-surefire-plugin/xsd/surefire-test-report-3.0.xsd" version="3.0" name="TestSuite" time="8.331" tests="10" errors="0" skipped="0" failures="0">
  <properties>
[...]
</properties>
  <testcase name="createUserTest" classname="api.test.UserWithFakerTest" time="3.516">
    <system-out><![CDATA[HTTP/1.1 201 Created
X-Powered-By: Express
Vary: Origin, X-HTTP-Method-Override, Accept-Encoding
Access-Control-Allow-Credentials: true
Cache-Control: no-cache
Pragma: no-cache
Expires: -1
Access-Control-Expose-Headers: Location
Location: http://localhost:3000/users/50324176
X-Content-Type-Options: nosniff
Content-Type: application/json; charset=utf-8
Content-Length: 209
ETag: W/"d1-y1D2P2VGs9IBj+Kq1a+q3TN9PTU"
Date: Sun, 17 Dec 2023 11:44:16 GMT
Connection: keep-alive
Keep-Alive: timeout=5

{
    "id": 50324176,
    "username": "gus.rath",
    "firstName": "Chung",
    "lastName": "Krajcik",
    "email": "micah.sanford@example.com",
    "password": "o7uzfjxf",
    "phone": "1-942-212-2440",
    "userStatus": 4
}
user created with id: 50324176
]]></system-out>
    <system-err><![CDATA[SLF4J: Failed to load class "org.slf4j.impl.StaticLoggerBinder".
SLF4J: Defaulting to no-operation (NOP) logger implementation
SLF4J: See http://www.slf4j.org/codes.html#StaticLoggerBinder for further details.
]]></system-err>
  </testcase>
  <testcase name="readUserTest" classname="api.test.UserWithFakerTest" time="0.168">
    <system-out><![CDATA[Request method:	GET
Request URI:	http://localhost:3000/users/50324176
Proxy:			<none>
Request params:	<none>
Query params:	<none>
Form params:	<none>
Path params:	userId=50324176
Headers:		Accept=*/*
				Content-Type=application/json
Cookies:		<none>
Multiparts:		<none>
Body:			<none>
HTTP/1.1 200 OK
X-Powered-By: Express
Vary: Origin, Accept-Encoding
Access-Control-Allow-Credentials: true
Cache-Control: no-cache
Pragma: no-cache
Expires: -1
X-Content-Type-Options: nosniff
Content-Type: application/json; charset=utf-8
Content-Length: 209
ETag: W/"d1-y1D2P2VGs9IBj+Kq1a+q3TN9PTU"
Date: Sun, 17 Dec 2023 11:44:18 GMT
Connection: keep-alive
Keep-Alive: timeout=5

{
    "id": 50324176,
    "username": "gus.rath",
    "firstName": "Chung",
    "lastName": "Krajcik",
    "email": "micah.sanford@example.com",
    "password": "o7uzfjxf",
    "phone": "1-942-212-2440",
    "userStatus": 4
}
]]></system-out>
  </testcase>
  <testcase name="updateUserTest" classname="api.test.UserWithFakerTest" time="0.057">
    <system-out><![CDATA[Request method:	PUT
Request URI:	http://localhost:3000/users/50324176
Proxy:			<none>
Request params:	<none>
Query params:	<none>
Form params:	<none>
Path params:	userId=50324176
Headers:		Accept=*/*
				Content-Type=application/json
Cookies:		<none>
Multiparts:		<none>
Body:
{
    "id": null,
    "username": "gus.rath",
    "firstName": "UpdatedFirstName",
    "lastName": "Krajcik",
    "email": "micah.sanford@example.com",
    "password": "o7uzfjxf",
    "phone": "1-942-212-2440",
    "userStatus": 4
}
HTTP/1.1 200 OK
X-Powered-By: Express
Vary: Origin, Accept-Encoding
Access-Control-Allow-Credentials: true
Cache-Control: no-cache
Pragma: no-cache
Expires: -1
X-Content-Type-Options: nosniff
Content-Type: application/json; charset=utf-8
Content-Length: 220
ETag: W/"dc-ZZiQF22TB8uWkXwk6YT3qoeLN5Y"
Date: Sun, 17 Dec 2023 11:44:18 GMT
Connection: keep-alive
Keep-Alive: timeout=5

{
    "id": 50324176,
    "username": "gus.rath",
    "firstName": "UpdatedFirstName",
    "lastName": "Krajcik",
    "email": "micah.sanford@example.com",
    "password": "o7uzfjxf",
    "phone": "1-942-212-2440",
    "userStatus": 4
}
]]></system-out>
  </testcase>
  <testcase name="deleteUserTest" classname="api.test.UserWithFakerTest" time="0.056">
    <system-out><![CDATA[Request method:	DELETE
Request URI:	http://localhost:3000/users/50324176
Proxy:			<none>
Request params:	<none>
Query params:	<none>
Form params:	<none>
Path params:	userId=50324176
Headers:		Accept=*/*
				Content-Type=application/json
Cookies:		<none>
Multiparts:		<none>
Body:			<none>
HTTP/1.1 200 OK
X-Powered-By: Express
Vary: Origin, Accept-Encoding
Access-Control-Allow-Credentials: true
Cache-Control: no-cache
Pragma: no-cache
Expires: -1
X-Content-Type-Options: nosniff
Content-Type: application/json; charset=utf-8
Content-Length: 2
ETag: W/"2-vyGp6PvFo4RvsFtPoIWeCReyIC8"
Date: Sun, 17 Dec 2023 11:44:18 GMT
Connection: keep-alive
Keep-Alive: timeout=5

{
    
}
]]></system-out>
  </testcase>
  <testcase name="createUserTest[101.0, un1, Robie, Williams, Rw@aol.com, rw1234, 9.09090909E9, 0.0](1)" classname="api.test.UserWithDDApproachTest" time="0.06">
    <system-out><![CDATA[HTTP/1.1 201 Created
X-Powered-By: Express
Vary: Origin, X-HTTP-Method-Override, Accept-Encoding
Access-Control-Allow-Credentials: true
Cache-Control: no-cache
Pragma: no-cache
Expires: -1
Access-Control-Expose-Headers: Location
Location: http://localhost:3000/users/101
X-Content-Type-Options: nosniff
Content-Type: application/json; charset=utf-8
Content-Length: 181
ETag: W/"b5-nB/YIgjpulAMQ6KeIEYE7FpLxWc"
Date: Sun, 17 Dec 2023 11:44:20 GMT
Connection: keep-alive
Keep-Alive: timeout=5

{
    "id": 101,
    "username": "un1",
    "firstName": "Robie",
    "lastName": "Williams",
    "email": "Rw@aol.com",
    "password": "rw1234",
    "phone": "9.09090909E9",
    "userStatus": 0
}
]]></system-out>
    <system-err><![CDATA[ERROR StatusLogger Log4j2 could not find a logging implementation. Please add log4j-core to the classpath. Using SimpleLogger to log to the console...
]]></system-err>
  </testcase>
  <testcase name="createUserTest[102.0, un2, Kristine, Mobolt, km@aol.com, km1234, 9.090909091E9, 1.0](2)" classname="api.test.UserWithDDApproachTest" time="0.069">
    <system-out><![CDATA[HTTP/1.1 201 Created
X-Powered-By: Express
Vary: Origin, X-HTTP-Method-Override, Accept-Encoding
Access-Control-Allow-Credentials: true
Cache-Control: no-cache
Pragma: no-cache
Expires: -1
Access-Control-Expose-Headers: Location
Location: http://localhost:3000/users/102
X-Content-Type-Options: nosniff
Content-Type: application/json; charset=utf-8
Content-Length: 183
ETag: W/"b7-v6Vg1QKQZ+KKMuvp0lSC9eHjtmo"
Date: Sun, 17 Dec 2023 11:44:20 GMT
Connection: keep-alive
Keep-Alive: timeout=5

{
    "id": 102,
    "username": "un2",
    "firstName": "Kristine",
    "lastName": "Mobolt",
    "email": "km@aol.com",
    "password": "km1234",
    "phone": "9.090909091E9",
    "userStatus": 1
}
]]></system-out>
  </testcase>
  <testcase name="createUserTest[103.0, un3, John, Carter, jc@aol.com, jc1234, 9.090909092E9, 2.0](3)" classname="api.test.UserWithDDApproachTest" time="0.088">
    <system-out><![CDATA[HTTP/1.1 201 Created
X-Powered-By: Express
Vary: Origin, X-HTTP-Method-Override, Accept-Encoding
Access-Control-Allow-Credentials: true
Cache-Control: no-cache
Pragma: no-cache
Expires: -1
Access-Control-Expose-Headers: Location
Location: http://localhost:3000/users/103
X-Content-Type-Options: nosniff
Content-Type: application/json; charset=utf-8
Content-Length: 179
ETag: W/"b3-W1gRnhLcqt7j9ZDn9MqOhJ8Skno"
Date: Sun, 17 Dec 2023 11:44:20 GMT
Connection: keep-alive
Keep-Alive: timeout=5

{
    "id": 103,
    "username": "un3",
    "firstName": "John",
    "lastName": "Carter",
    "email": "jc@aol.com",
    "password": "jc1234",
    "phone": "9.090909092E9",
    "userStatus": 2
}
]]></system-out>
  </testcase>
  <testcase name="deleteUserTest[101.0](1)" classname="api.test.UserWithDDApproachTest" time="0.078">
    <system-out><![CDATA[Request method:	DELETE
Request URI:	http://localhost:3000/users/101
Proxy:			<none>
Request params:	<none>
Query params:	<none>
Form params:	<none>
Path params:	userId=101
Headers:		Accept=*/*
				Content-Type=application/json
Cookies:		<none>
Multiparts:		<none>
Body:			<none>
HTTP/1.1 200 OK
X-Powered-By: Express
Vary: Origin, Accept-Encoding
Access-Control-Allow-Credentials: true
Cache-Control: no-cache
Pragma: no-cache
Expires: -1
X-Content-Type-Options: nosniff
Content-Type: application/json; charset=utf-8
Content-Length: 2
ETag: W/"2-vyGp6PvFo4RvsFtPoIWeCReyIC8"
Date: Sun, 17 Dec 2023 11:44:20 GMT
Connection: keep-alive
Keep-Alive: timeout=5

{
    
}
]]></system-out>
  </testcase>
  <testcase name="deleteUserTest[102.0](2)" classname="api.test.UserWithDDApproachTest" time="0.057">
    <system-out><![CDATA[Request method:	DELETE
Request URI:	http://localhost:3000/users/102
Proxy:			<none>
Request params:	<none>
Query params:	<none>
Form params:	<none>
Path params:	userId=102
Headers:		Accept=*/*
				Content-Type=application/json
Cookies:		<none>
Multiparts:		<none>
Body:			<none>
HTTP/1.1 200 OK
X-Powered-By: Express
Vary: Origin, Accept-Encoding
Access-Control-Allow-Credentials: true
Cache-Control: no-cache
Pragma: no-cache
Expires: -1
X-Content-Type-Options: nosniff
Content-Type: application/json; charset=utf-8
Content-Length: 2
ETag: W/"2-vyGp6PvFo4RvsFtPoIWeCReyIC8"
Date: Sun, 17 Dec 2023 11:44:20 GMT
Connection: keep-alive
Keep-Alive: timeout=5

{
    
}
]]></system-out>
  </testcase>
  <testcase name="deleteUserTest[103.0](3)" classname="api.test.UserWithDDApproachTest" time="0.036">
    <system-out><![CDATA[Request method:	DELETE
Request URI:	http://localhost:3000/users/103
Proxy:			<none>
Request params:	<none>
Query params:	<none>
Form params:	<none>
Path params:	userId=103
Headers:		Accept=*/*
				Content-Type=application/json
Cookies:		<none>
Multiparts:		<none>
Body:			<none>
HTTP/1.1 200 OK
X-Powered-By: Express
Vary: Origin, Accept-Encoding
Access-Control-Allow-Credentials: true
Cache-Control: no-cache
Pragma: no-cache
Expires: -1
X-Content-Type-Options: nosniff
Content-Type: application/json; charset=utf-8
Content-Length: 2
ETag: W/"2-vyGp6PvFo4RvsFtPoIWeCReyIC8"
Date: Sun, 17 Dec 2023 11:44:20 GMT
Connection: keep-alive
Keep-Alive: timeout=5

{
    
}
]]></system-out>
  </testcase>
</testsuite>